thelia/core:2.1.0
thelia/frontoffice-default-template:2.1.0
thelia/backoffice-default-template:2.1.0
thelia/email-default-template:2.1.0
thelia/pdf-default-template:2.1.0
thelia/setup:2.1.0
thelia/config:2.1.0
thelia/smarty-module:2.1.0
thelia/front-module:2.1.0
thelia/virtual-product-delivery-module:2.1.0
thelia/tinymce-module:2.1.0
thelia/colissimo-module:2.1.0
thelia/cheque-module:2.1.0
thelia/hook-lang-module:2.1.0
thelia/hook-search-module:2.1.0
thelia/hook-currency-module:2.1.0
thelia/hook-products-new-module:2.1.0
thelia/hook-analytics-module:2.1.0
thelia/hook-links-module:2.1.0
thelia/hook-social-module:2.1.0
thelia/hook-cart-module:2.1.0
thelia/hook-navigation-module:2.1.0
thelia/hook-contact-module:2.1.0
thelia/hook-customer-module:2.1.0
thelia/hook-products-offer-module:2.1.0
thelia/hook-newsletter-module:2.1.0
thelia/carousel-module:2.1.0
thelia/virtual-product-control-module:2.1.0
